C51 COMPILER V9.54   KEY                                                                   06/16/2025 16:49:43 PAGE 1   


C51 COMPILER V9.54, COMPILATION OF MODULE KEY
OBJECT MODULE PLACED IN .\Objects\key.obj
COMPILER INVOKED BY: D:\Software\MDK\C51\BIN\C51.EXE key.c OPTIMIZE(8,SPEED) BROWSE DEBUG OBJECTEXTEND PRINT(.\Listings\
                    -key.lst) OBJECT(.\Objects\key.obj)

line level    source

   1          #include "key.h"
   2          #include "delay.h"
   3          
   4          
   5          #define uchar unsigned char
   6          #define uint unsigned int
   7          
   8          
   9          /* 按键引脚定义 */
  10          sbit KEY_A = P3^0;
  11          sbit KEY_B = P3^1;
  12          sbit KEY_C = P3^2;
  13          sbit KEY_D = P3^3;
  14          sbit KEY_E = P3^4;
  15          sbit KEY_F = P3^5;
  16          sbit KEY_G = P3^6;
  17          sbit KEY_H = P3^7;
  18          
  19          
  20          
  21          // 按键扫描函数
  22          uchar KeyScan() {
  23   1          if(KEY_A == 0) {        
  24   2              DelayMS(100);
  25   2              if(KEY_A == 0) {
  26   3                  while(!KEY_A);
  27   3                  return 7;
  28   3              }
  29   2          }
  30   1          if(KEY_B == 0) {         
  31   2              DelayMS(100); 
  32   2              if(KEY_B == 0) {
  33   3                  while(!KEY_B);   
  34   3                  return 0;
  35   3              }
  36   2          }
  37   1          if(KEY_C == 0) {       
  38   2              DelayMS(100);  
  39   2              if(KEY_C == 0) {
  40   3                  while(!KEY_C);   
  41   3                  return 1;
  42   3              }
  43   2          }
  44   1          if(KEY_D == 0) {       
  45   2              DelayMS(100);
  46   2              if(KEY_D == 0) {
  47   3                  while(!KEY_D);  
  48   3                  return 2;
  49   3              }
  50   2          }
  51   1          if(KEY_E == 0) {        
  52   2              DelayMS(100); 
  53   2              if(KEY_E == 0) {
  54   3                  while(!KEY_E);  
C51 COMPILER V9.54   KEY                                                                   06/16/2025 16:49:43 PAGE 2   

  55   3                  return 3;
  56   3              }
  57   2          }
  58   1          if(KEY_F == 0) {         
  59   2              DelayMS(100); 
  60   2              if(KEY_F == 0) {
  61   3                  while(!KEY_F);  
  62   3                  return 4;
  63   3              }
  64   2          }
  65   1          if(KEY_G == 0) {        
  66   2              DelayMS(100); 
  67   2              if(KEY_G == 0) {
  68   3                  while(!KEY_G); 
  69   3                  return 5;
  70   3              }
  71   2          }
  72   1          if(KEY_H == 0) {         
  73   2              DelayMS(100);
  74   2              if(KEY_H == 0) {
  75   3                  while(!KEY_H);
  76   3                  return 6;
  77   3              }
  78   2          }
  79   1          return 8;  // 无按键按下
  80   1      }
*** WARNING C316 IN LINE 80 OF key.c: unterminated conditionals


MODULE INFORMATION:   STATIC OVERLAYABLE
   CODE SIZE        =    155    ----
   CONSTANT SIZE    =   ----    ----
   XDATA SIZE       =   ----    ----
   PDATA SIZE       =   ----    ----
   DATA SIZE        =   ----    ----
   IDATA SIZE       =   ----    ----
   BIT SIZE         =   ----    ----
END OF MODULE INFORMATION.


C51 COMPILATION COMPLETE.  1 WARNING(S),  0 ERROR(S)
