C51 COMPILER V9.54   MAIN                                                                  06/16/2025 17:05:27 PAGE 1   


C51 COMPILER V9.54, COMPILATION OF MODULE MAIN
OBJECT MODULE PLACED IN .\Objects\main.obj
COMPILER INVOKED BY: D:\Software\MDK\C51\BIN\C51.EXE main.c OPTIMIZE(8,SPEED) BROWSE DEBUG OBJECTEXTEND PRINT(.\Listings
                    -\main.lst) OBJECT(.\Objects\main.obj)

line level    source

   1          #include <reg51.h>
   2          #include "temp.h"
   3          #include "key.h"
   4          #include "delay.h"
   5          
   6          #define uchar unsigned char
   7          #define uint unsigned int
   8                  
   9          // 定义IO口
  10          #define KEY_PORT P3        // 按键输入端口
  11          #define SEG_PORT P1        // 数码管段选端口
  12          #define BIT_PORT P2        // 数码管位选端口
  13          
  14          bit autoMode = 0;              // 自动模式标志
  15          uchar keyValue;
  16          
  17          
  18          // 全局变量
  19          unsigned int timer_count = 0;  // 定时器计数
  20          unsigned int countdown = 0;    // 倒计时时间(单位:10ms)
  21          bit timing_flag = 0;           // 定时标志
  22          
  23          
  24          // 数码管段码表(共阴)
  25          code unsigned char seg_table[] = {
  26              0x3F, 0x06, 0x5B, 0x4F, // 0-3
  27              0x66, 0x6D, 0x7D, 0x07, // 4-7
  28              0x7F, 0x6F, 0x77, 0x7C, // 8-9,A-B
  29              0x39, 0x5E, 0x79, 0x71  // C-D-E-F
  30          };
  31          
  32          
  33          // 定时器0初始化(1ms)
  34          void timer0_init(void) {
  35   1          TMOD |= 0x01;       // 定时器0工作在模式1(16位定时器)
  36   1          TH0 = 0xFC;         // 定时初值设置为1ms
  37   1          TL0 = 0x66;
  38   1          ET0 = 1;            // 使能定时器0中断
  39   1          TR0 = 1;            // 启动定时器0
  40   1      }
  41          
  42          // 定时器0中断服务函数
  43          void timer0_isr(void) interrupt 1 {
  44   1          TH0 = 0xFC;         // 重新加载初值
  45   1          TL0 = 0x66;
  46   1          
  47   1          timer_count++;      // 定时器计数加1
  48   1          
  49   1          // 每10ms更新一次倒计时
  50   1          if(timer_count >= 10) {
  51   2              timer_count = 0;
  52   2              
  53   2              if(timing_flag && countdown > 0) {
  54   3                  countdown--;
C51 COMPILER V9.54   MAIN                                                                  06/16/2025 17:05:27 PAGE 2   

  55   3              }
  56   2          }
  57   1      }
  58          
  59          // 系统初始化
  60          void system_init(void) {
  61   1          timer0_init();  // 初始化定时器0
  62   1          EA = 1;         // 开总中断
  63   1      }
  64          
  65          
  66          // 数码管显示倒计时
  67          void display_countdown(void) {
  68   1          uint seconds;
  69   1          uchar digit[4];
  70   1          uchar i;
  71   1          
  72   1          seconds = countdown / 100;  // 转换为秒
  73   1          
  74   1          // 分解为各位数字
  75   1          digit[0] = seconds / 1000;
  76   1          digit[1] = (seconds % 1000) / 100;
  77   1          digit[2] = (seconds % 100) / 10;
  78   1          digit[3] = seconds % 10;
  79   1          
  80   1          // 动态扫描显示
  81   1          for(i = 0; i < 4; i++) {
  82   2              // 选通对应位数码管
  83   2              switch(i) {
  84   3                  case 0: BIT_PORT = 0x01; break;
  85   3                  case 1: BIT_PORT = 0x02; break;
  86   3                  case 2: BIT_PORT = 0x04; break;
  87   3                  case 3: BIT_PORT = 0x08; break;
  88   3              }
  89   2              
  90   2              // 输出段码
  91   2              SEG_PORT = ~seg_table[digit[i]];
  92   2              
  93   2              // 短暂延时
  94   2              DelayMS(2);
  95   2          }
  96   1      }
  97          
  98          
  99          
 100          // 主函数
 101          void main() {
 102   1              
 103   1          // 初始化配置
 104   1          SetDACVoltage(0);      // 启动时风扇停止
 105   1          DS18B20_Init();        // DS18B20初始化
 106   1         
 107   1              
 108   1          // 初始化温度读取并等待稳定
 109   1          GetTemperature();
 110   1          DelayMS(1000);
 111   1              
 112   1          while(1) {
 113   2                      
 114   2                      if(autoMode == 1){
 115   3                              TempAutoControl();
 116   3              }
C51 COMPILER V9.54   MAIN                                                                  06/16/2025 17:05:27 PAGE 3   

 117   2                      //DelayMS(1000);
 118   2              keyValue = KeyScan();  // 扫描按键
 119   2              if(keyValue == 7){
 120   3                              autoMode = 1;
 121   3                              TempAutoControl();
 122   3                      }
 123   2                      else if(keyValue == 6){
 124   3                              system_init();
 125   3                              while(1){
 126   4                                      keyValue = KeyScan();
 127   4                                      display_countdown();// 显示倒计时
 128   4                                      if(keyValue != 8){
 129   5                                              
 130   5                                              countdown = 1000*keyValue;
 131   5                                              timing_flag = 1;
 132   5                                              break;
 133   5                                      }
 134   4                              }
 135   3                      }
 136   2              else if(0 <= keyValue && keyValue <= 5) {
 137   3                  autoMode = 0;            // 手动控制模式
 138   3                  SetDACVoltage(keyValue);  // 设置档位
 139   3                              
 140   3                              if(timing_flag == 1){
 141   4                                      timing_flag = 0;
 142   4                                      EA = 0;
 143   4                                      countdown = 0;
 144   4                                      SEG_PORT = 0xff;
 145   4                              }
 146   3              }
 147   2                      
 148   2                      
 149   2                      if(timing_flag == 1){
 150   3                              display_countdown();// 显示倒计时
 151   3                      }
 152   2                      
 153   2                      if(timing_flag == 1 && countdown == 0){
 154   3                              SetDACVoltage(0);
 155   3                              timing_flag = 0;
 156   3                              EA = 0;
 157   3                              SEG_PORT = 0xff;
 158   3                      }
 159   2                      DelayMS(10); // 释放CPU时间
 160   2          }
 161   1      }
*** WARNING C316 IN LINE 161 OF main.c: unterminated conditionals


MODULE INFORMATION:   STATIC OVERLAYABLE
   CODE SIZE        =    388    ----
   CONSTANT SIZE    =     16    ----
   XDATA SIZE       =   ----    ----
   PDATA SIZE       =   ----    ----
   DATA SIZE        =      5       5
   IDATA SIZE       =   ----    ----
   BIT SIZE         =      2    ----
END OF MODULE INFORMATION.


C51 COMPILATION COMPLETE.  1 WARNING(S),  0 ERROR(S)
